<?xml version="1.0" encoding="UTF-8"?>
<!-- Generated by org.testng.reporters.JUnitXMLReporter -->
<testsuite ignored="0" hostname="Shamanth" failures="0" tests="2" name="Default test" time="21.724" errors="0" timestamp="2024-01-22T17:17:52 IST">
  <testcase classname="masudeokarwork.SeleniumFrameworkDesign.SubmitOrderTest" name="SubmitOrder" time="16.471"/>
  <testcase classname="masudeokarwork.SeleniumFrameworkDesign.SubmitOrderTest" name="orderHistoryTest" time="0.649"/>
</testsuite> <!-- Default test -->
