<?xml version="1.0" encoding="UTF-8"?>
<!-- Generated by org.testng.reporters.JUnitXMLReporter -->
<testsuite ignored="0" hostname="Shamanth" failures="0" tests="3" name="Default test" time="39.903" errors="0" timestamp="2024-01-25T14:35:27 IST">
  <testcase classname="masudeokarwork.SeleniumFrameworkDesign.SubmitOrderTestThree" name="SubmitOrder" time="16.369"/>
  <testcase classname="masudeokarwork.SeleniumFrameworkDesign.SubmitOrderTestThree" name="SubmitOrder" time="16.381"/>
  <testcase classname="masudeokarwork.SeleniumFrameworkDesign.SubmitOrderTestThree" name="orderHistoryTest" time="0.671"/>
</testsuite> <!-- Default test -->
