<?xml version="1.0" encoding="UTF-8"?>
<!-- Generated by org.testng.reporters.JUnitXMLReporter -->
<testsuite ignored="0" hostname="Shamanth" failures="1" tests="3" name="Error validation Test" time="31.205" errors="0" timestamp="2024-01-24T17:22:15 IST">
  <testcase classname="masudeokarwork.SeleniumFrameworkDesign.ErrorValidationTest" name="LoginErrorValidation" time="0.966">
    <skipped/>
  </testcase> <!-- LoginErrorValidation -->
  <testcase classname="masudeokarwork.SeleniumFrameworkDesign.ErrorValidationTest" name="LoginErrorValidation" time="0.453">
    <failure type="java.lang.AssertionError" message="expected [Incorrect email or password.] but found [Incorrect email  password.]">
      <![CDATA[java.lang.AssertionError: expected [Incorrect email or password.] but found [Incorrect email  password.]
at masudeokarwork.SeleniumFrameworkDesign.ErrorValidationTest.LoginErrorValidation(ErrorValidationTest.java:22)
at java.base/java.util.ArrayList.forEach(ArrayList.java:1596)
at java.base/java.util.concurrent.FutureTask.run(FutureTask.java:317)
at java.base/java.util.concurrent.ThreadPoolExecutor.runWorker(ThreadPoolExecutor.java:1144)
at java.base/java.util.concurrent.ThreadPoolExecutor$Worker.run(ThreadPoolExecutor.java:642)
at java.base/java.lang.Thread.run(Thread.java:1583)
... Removed 22 stack frames]]>
    </failure>
  </testcase> <!-- LoginErrorValidation -->
  <testcase classname="masudeokarwork.SeleniumFrameworkDesign.ErrorValidationTest" name="productErrorValidation" time="23.521"/>
</testsuite> <!-- Error validation Test -->
