<?xml version="1.0" encoding="UTF-8"?>
<!-- Generated by org.testng.reporters.JUnitXMLReporter -->
<testsuite ignored="1" hostname="Shamanth" failures="0" tests="2" name="Submit Order Test" time="38.972" errors="0" timestamp="2024-01-28T17:33:13 IST">
  <testcase classname="masudeokarwork.SeleniumFrameworkDesign.SubmitOrderTestTwo" name="SubmitOrder" time="17.601"/>
  <testcase classname="masudeokarwork.SeleniumFrameworkDesign.SubmitOrderTestTwo" name="SubmitOrder" time="16.315"/>
  <testcase classname="masudeokarwork.SeleniumFrameworkDesign.SubmitOrderTestTwo" name="orderHistoryTest" time="0.0">
    <ignored/>
  </testcase> <!-- orderHistoryTest -->
</testsuite> <!-- Submit Order Test -->
