<?xml version="1.0" encoding="UTF-8"?>
<!-- Generated by org.testng.reporters.JUnitXMLReporter -->
<testsuite ignored="0" hostname="Shamanth" failures="0" tests="3" name="Submit Order Test" time="44.44" errors="0" timestamp="2024-01-23T21:44:59 IST">
  <testcase classname="masudeokarwork.SeleniumFrameworkDesign.SubmitOrderTest" name="SubmitOrder" time="16.669"/>
  <testcase classname="masudeokarwork.SeleniumFrameworkDesign.SubmitOrderTest" name="SubmitOrder" time="16.703"/>
  <testcase classname="masudeokarwork.SeleniumFrameworkDesign.SubmitOrderTest" name="orderHistoryTest" time="0.659"/>
</testsuite> <!-- Submit Order Test -->
