<?xml version="1.0" encoding="UTF-8"?>
<testng-results ignored="0" total="5" passed="5" failed="0" skipped="0">
  <reporter-output>
  </reporter-output>
  <suite started-at="2024-01-31T23:00:08 IST" name="Suite" finished-at="2024-01-31T23:00:49 IST" duration-ms="40451">
    <groups>
      <group name="ErrorHandling">
        <method signature="ErrorValidationTest.LoginErrorValidation()[pri:0, instance:masudeokarwork.SeleniumFrameworkDesign.ErrorValidationTest@5df417a7]" name="LoginErrorValidation" class="masudeokarwork.SeleniumFrameworkDesign.ErrorValidationTest"/>
      </group> <!-- ErrorHandling -->
      <group name="Purchase">
        <method signature="SubmitOrderTest.SubmitOrder(java.lang.String,java.lang.String,java.lang.String)[pri:0, instance:masudeokarwork.SeleniumFrameworkDesign.SubmitOrderTest@18a3962d]" name="SubmitOrder" class="masudeokarwork.SeleniumFrameworkDesign.SubmitOrderTest"/>
      </group> <!-- Purchase -->
    </groups>
    <test started-at="2024-01-31T23:00:08 IST" name="Error validation Test" finished-at="2024-01-31T23:00:38 IST" duration-ms="29738">
      <class name="masudeokarwork.SeleniumFrameworkDesign.ErrorValidationTest">
        <test-method is-config="true" signature="launchApplication()[pri:0, instance:masudeokarwork.SeleniumFrameworkDesign.ErrorValidationTest@5df417a7]" started-at="2024-01-31T23:00:08 IST" name="launchApplication" finished-at="2024-01-31T23:00:11 IST" duration-ms="2646" status="PASS">
          <reporter-output>
          </reporter-output>
        </test-method> <!-- launchApplication -->
        <test-method signature="LoginErrorValidation()[pri:0, instance:masudeokarwork.SeleniumFrameworkDesign.ErrorValidationTest@5df417a7]" started-at="2024-01-31T23:00:11 IST" name="LoginErrorValidation" finished-at="2024-01-31T23:00:11 IST" duration-ms="555" status="PASS">
          <reporter-output>
          </reporter-output>
        </test-method> <!-- LoginErrorValidation -->
        <test-method is-config="true" signature="tearDown()[pri:0, instance:masudeokarwork.SeleniumFrameworkDesign.ErrorValidationTest@5df417a7]" started-at="2024-01-31T23:00:11 IST" name="tearDown" finished-at="2024-01-31T23:00:12 IST" duration-ms="263" status="PASS">
          <reporter-output>
          </reporter-output>
        </test-method> <!-- tearDown -->
        <test-method is-config="true" signature="launchApplication()[pri:0, instance:masudeokarwork.SeleniumFrameworkDesign.ErrorValidationTest@5df417a7]" started-at="2024-01-31T23:00:12 IST" name="launchApplication" finished-at="2024-01-31T23:00:14 IST" duration-ms="2533" status="PASS">
          <reporter-output>
          </reporter-output>
        </test-method> <!-- launchApplication -->
        <test-method signature="productErrorValidation()[pri:0, instance:masudeokarwork.SeleniumFrameworkDesign.ErrorValidationTest@5df417a7]" started-at="2024-01-31T23:00:14 IST" name="productErrorValidation" finished-at="2024-01-31T23:00:38 IST" duration-ms="23481" status="PASS">
          <reporter-output>
          </reporter-output>
        </test-method> <!-- productErrorValidation -->
        <test-method is-config="true" signature="tearDown()[pri:0, instance:masudeokarwork.SeleniumFrameworkDesign.ErrorValidationTest@5df417a7]" started-at="2024-01-31T23:00:38 IST" name="tearDown" finished-at="2024-01-31T23:00:38 IST" duration-ms="204" status="PASS">
          <reporter-output>
          </reporter-output>
        </test-method> <!-- tearDown -->
      </class> <!-- masudeokarwork.SeleniumFrameworkDesign.ErrorValidationTest -->
    </test> <!-- Error validation Test -->
    <test started-at="2024-01-31T23:00:08 IST" name="Submit Order Test" finished-at="2024-01-31T23:00:49 IST" duration-ms="40451">
      <class name="masudeokarwork.SeleniumFrameworkDesign.SubmitOrderTest">
        <test-method is-config="true" signature="launchApplication()[pri:0, instance:masudeokarwork.SeleniumFrameworkDesign.SubmitOrderTest@18a3962d]" started-at="2024-01-31T23:00:08 IST" name="launchApplication" finished-at="2024-01-31T23:00:11 IST" duration-ms="2219" status="PASS">
          <reporter-output>
          </reporter-output>
        </test-method> <!-- launchApplication -->
        <test-method signature="SubmitOrder(java.lang.String,java.lang.String,java.lang.String)[pri:0, instance:masudeokarwork.SeleniumFrameworkDesign.SubmitOrderTest@18a3962d]" started-at="2024-01-31T23:00:11 IST" name="SubmitOrder" data-provider="getData" finished-at="2024-01-31T23:00:28 IST" duration-ms="17118" status="PASS">
          <params>
            <param index="0">
              <value>
                <![CDATA[mayureshdeokar@gmail.com]]>
              </value>
            </param>
            <param index="1">
              <value>
                <![CDATA[Shamanth@123]]>
              </value>
            </param>
            <param index="2">
              <value>
                <![CDATA[ZARA COAT 3]]>
              </value>
            </param>
          </params>
          <reporter-output>
          </reporter-output>
        </test-method> <!-- SubmitOrder -->
        <test-method is-config="true" signature="tearDown()[pri:0, instance:masudeokarwork.SeleniumFrameworkDesign.SubmitOrderTest@18a3962d]" started-at="2024-01-31T23:00:28 IST" name="tearDown" finished-at="2024-01-31T23:00:28 IST" duration-ms="224" status="PASS">
          <reporter-output>
          </reporter-output>
        </test-method> <!-- tearDown -->
        <test-method is-config="true" signature="launchApplication()[pri:0, instance:masudeokarwork.SeleniumFrameworkDesign.SubmitOrderTest@18a3962d]" started-at="2024-01-31T23:00:28 IST" name="launchApplication" finished-at="2024-01-31T23:00:30 IST" duration-ms="1708" status="PASS">
          <reporter-output>
          </reporter-output>
        </test-method> <!-- launchApplication -->
        <test-method signature="SubmitOrder(java.lang.String,java.lang.String,java.lang.String)[pri:0, instance:masudeokarwork.SeleniumFrameworkDesign.SubmitOrderTest@18a3962d]" started-at="2024-01-31T23:00:30 IST" name="SubmitOrder" data-provider="getData" finished-at="2024-01-31T23:00:46 IST" duration-ms="16377" status="PASS">
          <params>
            <param index="0">
              <value>
                <![CDATA[vaishalideokar@gmail.com]]>
              </value>
            </param>
            <param index="1">
              <value>
                <![CDATA[Shamanth@123]]>
              </value>
            </param>
            <param index="2">
              <value>
                <![CDATA[ADIDAS ORIGINAL]]>
              </value>
            </param>
          </params>
          <reporter-output>
          </reporter-output>
        </test-method> <!-- SubmitOrder -->
        <test-method is-config="true" signature="tearDown()[pri:0, instance:masudeokarwork.SeleniumFrameworkDesign.SubmitOrderTest@18a3962d]" started-at="2024-01-31T23:00:46 IST" name="tearDown" finished-at="2024-01-31T23:00:46 IST" duration-ms="271" status="PASS">
          <reporter-output>
          </reporter-output>
        </test-method> <!-- tearDown -->
        <test-method is-config="true" signature="launchApplication()[pri:0, instance:masudeokarwork.SeleniumFrameworkDesign.SubmitOrderTest@18a3962d]" started-at="2024-01-31T23:00:46 IST" name="launchApplication" finished-at="2024-01-31T23:00:48 IST" duration-ms="1599" status="PASS">
          <reporter-output>
          </reporter-output>
        </test-method> <!-- launchApplication -->
        <test-method signature="orderHistoryTest()[pri:0, instance:masudeokarwork.SeleniumFrameworkDesign.SubmitOrderTest@18a3962d]" started-at="2024-01-31T23:00:48 IST" name="orderHistoryTest" finished-at="2024-01-31T23:00:48 IST" depends-on-methods="masudeokarwork.SeleniumFrameworkDesign.SubmitOrderTest.SubmitOrder" duration-ms="665" status="PASS">
          <reporter-output>
          </reporter-output>
        </test-method> <!-- orderHistoryTest -->
        <test-method is-config="true" signature="tearDown()[pri:0, instance:masudeokarwork.SeleniumFrameworkDesign.SubmitOrderTest@18a3962d]" started-at="2024-01-31T23:00:48 IST" name="tearDown" finished-at="2024-01-31T23:00:49 IST" duration-ms="220" status="PASS">
          <reporter-output>
          </reporter-output>
        </test-method> <!-- tearDown -->
      </class> <!-- masudeokarwork.SeleniumFrameworkDesign.SubmitOrderTest -->
    </test> <!-- Submit Order Test -->
  </suite> <!-- Suite -->
</testng-results>
