<?xml version="1.0" encoding="UTF-8"?>
<testng-results ignored="0" total="5" passed="5" failed="0" skipped="0">
  <reporter-output>
  </reporter-output>
  <suite started-at="2024-01-28T18:46:57 IST" name="Suite" finished-at="2024-01-28T18:47:37 IST" duration-ms="40382">
    <groups>
      <group name="ErrorHandling">
        <method signature="ErrorValidationTest.LoginErrorValidation()[pri:0, instance:masudeokarwork.SeleniumFrameworkDesign.ErrorValidationTest@7c041b41]" name="LoginErrorValidation" class="masudeokarwork.SeleniumFrameworkDesign.ErrorValidationTest"/>
      </group> <!-- ErrorHandling -->
      <group name="Purchase">
        <method signature="SubmitOrderTest.SubmitOrder(java.lang.String,java.lang.String,java.lang.String)[pri:0, instance:masudeokarwork.SeleniumFrameworkDesign.SubmitOrderTest@78aea4b9]" name="SubmitOrder" class="masudeokarwork.SeleniumFrameworkDesign.SubmitOrderTest"/>
      </group> <!-- Purchase -->
    </groups>
    <test started-at="2024-01-28T18:46:57 IST" name="Error validation Test" finished-at="2024-01-28T18:47:21 IST" duration-ms="24105">
      <class name="masudeokarwork.SeleniumFrameworkDesign.ErrorValidationTest">
        <test-method is-config="true" signature="launchApplication()[pri:0, instance:masudeokarwork.SeleniumFrameworkDesign.ErrorValidationTest@7c041b41]" started-at="2024-01-28T18:46:57 IST" name="launchApplication" finished-at="2024-01-28T18:47:02 IST" duration-ms="4968" status="PASS">
          <reporter-output>
          </reporter-output>
        </test-method> <!-- launchApplication -->
        <test-method signature="LoginErrorValidation()[pri:0, instance:masudeokarwork.SeleniumFrameworkDesign.ErrorValidationTest@7c041b41]" started-at="2024-01-28T18:47:02 IST" name="LoginErrorValidation" finished-at="2024-01-28T18:47:03 IST" duration-ms="1174" status="PASS">
          <reporter-output>
          </reporter-output>
        </test-method> <!-- LoginErrorValidation -->
        <test-method is-config="true" signature="tearDown()[pri:0, instance:masudeokarwork.SeleniumFrameworkDesign.ErrorValidationTest@7c041b41]" started-at="2024-01-28T18:47:03 IST" name="tearDown" finished-at="2024-01-28T18:47:03 IST" duration-ms="518" status="PASS">
          <reporter-output>
          </reporter-output>
        </test-method> <!-- tearDown -->
        <test-method is-config="true" signature="launchApplication()[pri:0, instance:masudeokarwork.SeleniumFrameworkDesign.ErrorValidationTest@7c041b41]" started-at="2024-01-28T18:47:03 IST" name="launchApplication" finished-at="2024-01-28T18:47:06 IST" duration-ms="2392" status="PASS">
          <reporter-output>
          </reporter-output>
        </test-method> <!-- launchApplication -->
        <test-method signature="productErrorValidation()[pri:0, instance:masudeokarwork.SeleniumFrameworkDesign.ErrorValidationTest@7c041b41]" started-at="2024-01-28T18:47:06 IST" name="productErrorValidation" finished-at="2024-01-28T18:47:20 IST" duration-ms="14457" status="PASS">
          <reporter-output>
          </reporter-output>
        </test-method> <!-- productErrorValidation -->
        <test-method is-config="true" signature="tearDown()[pri:0, instance:masudeokarwork.SeleniumFrameworkDesign.ErrorValidationTest@7c041b41]" started-at="2024-01-28T18:47:20 IST" name="tearDown" finished-at="2024-01-28T18:47:21 IST" duration-ms="455" status="PASS">
          <reporter-output>
          </reporter-output>
        </test-method> <!-- tearDown -->
      </class> <!-- masudeokarwork.SeleniumFrameworkDesign.ErrorValidationTest -->
    </test> <!-- Error validation Test -->
    <test started-at="2024-01-28T18:46:57 IST" name="Submit Order Test" finished-at="2024-01-28T18:47:37 IST" duration-ms="40382">
      <class name="masudeokarwork.SeleniumFrameworkDesign.SubmitOrderTest">
        <test-method is-config="true" signature="launchApplication()[pri:0, instance:masudeokarwork.SeleniumFrameworkDesign.SubmitOrderTest@78aea4b9]" started-at="2024-01-28T18:46:57 IST" name="launchApplication" finished-at="2024-01-28T18:47:03 IST" duration-ms="5862" status="PASS">
          <reporter-output>
          </reporter-output>
        </test-method> <!-- launchApplication -->
        <test-method signature="SubmitOrder(java.lang.String,java.lang.String,java.lang.String)[pri:0, instance:masudeokarwork.SeleniumFrameworkDesign.SubmitOrderTest@78aea4b9]" started-at="2024-01-28T18:47:03 IST" name="SubmitOrder" data-provider="getData" finished-at="2024-01-28T18:47:10 IST" duration-ms="7072" status="PASS">
          <params>
            <param index="0">
              <value>
                <![CDATA[mayureshdeokar@gmail.com]]>
              </value>
            </param>
            <param index="1">
              <value>
                <![CDATA[Shamanth@123]]>
              </value>
            </param>
            <param index="2">
              <value>
                <![CDATA[ZARA COAT 3]]>
              </value>
            </param>
          </params>
          <reporter-output>
          </reporter-output>
        </test-method> <!-- SubmitOrder -->
        <test-method is-config="true" signature="tearDown()[pri:0, instance:masudeokarwork.SeleniumFrameworkDesign.SubmitOrderTest@78aea4b9]" started-at="2024-01-28T18:47:10 IST" name="tearDown" finished-at="2024-01-28T18:47:10 IST" duration-ms="531" status="PASS">
          <reporter-output>
          </reporter-output>
        </test-method> <!-- tearDown -->
        <test-method is-config="true" signature="launchApplication()[pri:0, instance:masudeokarwork.SeleniumFrameworkDesign.SubmitOrderTest@78aea4b9]" started-at="2024-01-28T18:47:10 IST" name="launchApplication" finished-at="2024-01-28T18:47:14 IST" duration-ms="3351" status="PASS">
          <reporter-output>
          </reporter-output>
        </test-method> <!-- launchApplication -->
        <test-method signature="SubmitOrder(java.lang.String,java.lang.String,java.lang.String)[pri:0, instance:masudeokarwork.SeleniumFrameworkDesign.SubmitOrderTest@78aea4b9]" started-at="2024-01-28T18:47:14 IST" name="SubmitOrder" data-provider="getData" finished-at="2024-01-28T18:47:32 IST" duration-ms="18455" status="PASS">
          <params>
            <param index="0">
              <value>
                <![CDATA[vaishalideokar@gmail.com]]>
              </value>
            </param>
            <param index="1">
              <value>
                <![CDATA[Shamanth@123]]>
              </value>
            </param>
            <param index="2">
              <value>
                <![CDATA[ADIDAS ORIGINAL]]>
              </value>
            </param>
          </params>
          <reporter-output>
          </reporter-output>
        </test-method> <!-- SubmitOrder -->
        <test-method is-config="true" signature="tearDown()[pri:0, instance:masudeokarwork.SeleniumFrameworkDesign.SubmitOrderTest@78aea4b9]" started-at="2024-01-28T18:47:32 IST" name="tearDown" finished-at="2024-01-28T18:47:33 IST" duration-ms="715" status="PASS">
          <reporter-output>
          </reporter-output>
        </test-method> <!-- tearDown -->
        <test-method is-config="true" signature="launchApplication()[pri:0, instance:masudeokarwork.SeleniumFrameworkDesign.SubmitOrderTest@78aea4b9]" started-at="2024-01-28T18:47:33 IST" name="launchApplication" finished-at="2024-01-28T18:47:35 IST" duration-ms="2260" status="PASS">
          <reporter-output>
          </reporter-output>
        </test-method> <!-- launchApplication -->
        <test-method signature="orderHistoryTest()[pri:0, instance:masudeokarwork.SeleniumFrameworkDesign.SubmitOrderTest@78aea4b9]" started-at="2024-01-28T18:47:35 IST" name="orderHistoryTest" finished-at="2024-01-28T18:47:37 IST" depends-on-methods="masudeokarwork.SeleniumFrameworkDesign.SubmitOrderTest.SubmitOrder" duration-ms="1628" status="PASS">
          <reporter-output>
          </reporter-output>
        </test-method> <!-- orderHistoryTest -->
        <test-method is-config="true" signature="tearDown()[pri:0, instance:masudeokarwork.SeleniumFrameworkDesign.SubmitOrderTest@78aea4b9]" started-at="2024-01-28T18:47:37 IST" name="tearDown" finished-at="2024-01-28T18:47:37 IST" duration-ms="379" status="PASS">
          <reporter-output>
          </reporter-output>
        </test-method> <!-- tearDown -->
      </class> <!-- masudeokarwork.SeleniumFrameworkDesign.SubmitOrderTest -->
    </test> <!-- Submit Order Test -->
  </suite> <!-- Suite -->
</testng-results>
