<?xml version="1.0" encoding="UTF-8"?>
<testng-results ignored="0" total="2" passed="2" failed="0" skipped="0">
  <reporter-output>
  </reporter-output>
  <suite started-at="2024-01-25T08:03:31 IST" name="Suite" finished-at="2024-01-25T08:04:13 IST" duration-ms="42018">
    <groups>
      <group name="Purchase">
        <method signature="SubmitOrderTestTwo.SubmitOrder(java.util.HashMap)[pri:0, instance:masudeokarwork.SeleniumFrameworkDesign.SubmitOrderTestTwo@35f26e72]" name="SubmitOrder" class="masudeokarwork.SeleniumFrameworkDesign.SubmitOrderTestTwo"/>
      </group> <!-- Purchase -->
    </groups>
    <test started-at="2024-01-25T08:03:31 IST" name="Error validation Test" finished-at="2024-01-25T08:03:31 IST" duration-ms="12">
    </test> <!-- Error validation Test -->
    <test started-at="2024-01-25T08:03:31 IST" name="Submit Order Test" finished-at="2024-01-25T08:04:13 IST" duration-ms="42018">
      <class name="masudeokarwork.SeleniumFrameworkDesign.SubmitOrderTestTwo">
        <test-method is-config="true" signature="launchApplication()[pri:0, instance:masudeokarwork.SeleniumFrameworkDesign.SubmitOrderTestTwo@35f26e72]" started-at="2024-01-25T08:03:31 IST" name="launchApplication" finished-at="2024-01-25T08:03:38 IST" duration-ms="6192" status="PASS">
          <reporter-output>
          </reporter-output>
        </test-method> <!-- launchApplication -->
        <test-method signature="SubmitOrder(java.util.HashMap)[pri:0, instance:masudeokarwork.SeleniumFrameworkDesign.SubmitOrderTestTwo@35f26e72]" started-at="2024-01-25T08:03:38 IST" name="SubmitOrder" data-provider="getData" finished-at="2024-01-25T08:03:54 IST" duration-ms="16152" status="PASS">
          <params>
            <param index="0">
              <value>
                <![CDATA[{password=Shamanth@123, product=ZARA COAT 3, email=mayureshdeokar@gmail.com}]]>
              </value>
            </param>
          </params>
          <reporter-output>
          </reporter-output>
        </test-method> <!-- SubmitOrder -->
        <test-method is-config="true" signature="tearDown()[pri:0, instance:masudeokarwork.SeleniumFrameworkDesign.SubmitOrderTestTwo@35f26e72]" started-at="2024-01-25T08:03:54 IST" name="tearDown" finished-at="2024-01-25T08:03:54 IST" duration-ms="111" status="PASS">
          <reporter-output>
          </reporter-output>
        </test-method> <!-- tearDown -->
        <test-method is-config="true" signature="launchApplication()[pri:0, instance:masudeokarwork.SeleniumFrameworkDesign.SubmitOrderTestTwo@35f26e72]" started-at="2024-01-25T08:03:54 IST" name="launchApplication" finished-at="2024-01-25T08:03:57 IST" duration-ms="3308" status="PASS">
          <reporter-output>
          </reporter-output>
        </test-method> <!-- launchApplication -->
        <test-method signature="SubmitOrder(java.util.HashMap)[pri:0, instance:masudeokarwork.SeleniumFrameworkDesign.SubmitOrderTestTwo@35f26e72]" started-at="2024-01-25T08:03:57 IST" name="SubmitOrder" data-provider="getData" finished-at="2024-01-25T08:04:13 IST" duration-ms="16113" status="PASS">
          <params>
            <param index="0">
              <value>
                <![CDATA[{password=Shamanth@123, product=ADIDAS ORIGINAL, email=vaishalideokar@gmail.com}]]>
              </value>
            </param>
          </params>
          <reporter-output>
          </reporter-output>
        </test-method> <!-- SubmitOrder -->
        <test-method is-config="true" signature="tearDown()[pri:0, instance:masudeokarwork.SeleniumFrameworkDesign.SubmitOrderTestTwo@35f26e72]" started-at="2024-01-25T08:04:13 IST" name="tearDown" finished-at="2024-01-25T08:04:13 IST" duration-ms="80" status="PASS">
          <reporter-output>
          </reporter-output>
        </test-method> <!-- tearDown -->
      </class> <!-- masudeokarwork.SeleniumFrameworkDesign.SubmitOrderTestTwo -->
    </test> <!-- Submit Order Test -->
  </suite> <!-- Suite -->
</testng-results>
