<?xml version="1.0" encoding="UTF-8"?>
<testng-results ignored="0" total="2" passed="2" failed="0" skipped="0">
  <reporter-output>
  </reporter-output>
  <suite started-at="2024-01-24T18:51:25 IST" name="Suite" finished-at="2024-01-24T18:52:04 IST" duration-ms="38480">
    <groups>
      <group name="Purchase">
        <method signature="SubmitOrderTestThree.SubmitOrder(java.util.HashMap)[pri:0, instance:masudeokarwork.SeleniumFrameworkDesign.SubmitOrderTestThree@35f26e72]" name="SubmitOrder" class="masudeokarwork.SeleniumFrameworkDesign.SubmitOrderTestThree"/>
      </group> <!-- Purchase -->
    </groups>
    <test started-at="2024-01-24T18:51:25 IST" name="Error validation Test" finished-at="2024-01-24T18:51:25 IST" duration-ms="17">
    </test> <!-- Error validation Test -->
    <test started-at="2024-01-24T18:51:25 IST" name="Submit Order Test" finished-at="2024-01-24T18:52:04 IST" duration-ms="38480">
      <class name="masudeokarwork.SeleniumFrameworkDesign.SubmitOrderTestThree">
        <test-method is-config="true" signature="launchApplication()[pri:0, instance:masudeokarwork.SeleniumFrameworkDesign.SubmitOrderTestThree@35f26e72]" started-at="2024-01-24T18:51:25 IST" name="launchApplication" finished-at="2024-01-24T18:51:28 IST" duration-ms="2979" status="PASS">
          <reporter-output>
          </reporter-output>
        </test-method> <!-- launchApplication -->
        <test-method signature="SubmitOrder(java.util.HashMap)[pri:0, instance:masudeokarwork.SeleniumFrameworkDesign.SubmitOrderTestThree@35f26e72]" started-at="2024-01-24T18:51:28 IST" name="SubmitOrder" data-provider="getData" finished-at="2024-01-24T18:51:45 IST" duration-ms="16434" status="PASS">
          <params>
            <param index="0">
              <value>
                <![CDATA[{password=Shamanth@123, product=ZARA COAT 3, email=mayureshdeokar@gmail.com}]]>
              </value>
            </param>
          </params>
          <reporter-output>
          </reporter-output>
        </test-method> <!-- SubmitOrder -->
        <test-method is-config="true" signature="tearDown()[pri:0, instance:masudeokarwork.SeleniumFrameworkDesign.SubmitOrderTestThree@35f26e72]" started-at="2024-01-24T18:51:45 IST" name="tearDown" finished-at="2024-01-24T18:51:45 IST" duration-ms="288" status="PASS">
          <reporter-output>
          </reporter-output>
        </test-method> <!-- tearDown -->
        <test-method is-config="true" signature="launchApplication()[pri:0, instance:masudeokarwork.SeleniumFrameworkDesign.SubmitOrderTestThree@35f26e72]" started-at="2024-01-24T18:51:45 IST" name="launchApplication" finished-at="2024-01-24T18:51:47 IST" duration-ms="1808" status="PASS">
          <reporter-output>
          </reporter-output>
        </test-method> <!-- launchApplication -->
        <test-method signature="SubmitOrder(java.util.HashMap)[pri:0, instance:masudeokarwork.SeleniumFrameworkDesign.SubmitOrderTestThree@35f26e72]" started-at="2024-01-24T18:51:47 IST" name="SubmitOrder" data-provider="getData" finished-at="2024-01-24T18:52:03 IST" duration-ms="16488" status="PASS">
          <params>
            <param index="0">
              <value>
                <![CDATA[{password=Shamanth@123, product=ADIDAS ORIGINAL, email=vaishalideokar@gmail.com}]]>
              </value>
            </param>
          </params>
          <reporter-output>
          </reporter-output>
        </test-method> <!-- SubmitOrder -->
        <test-method is-config="true" signature="tearDown()[pri:0, instance:masudeokarwork.SeleniumFrameworkDesign.SubmitOrderTestThree@35f26e72]" started-at="2024-01-24T18:52:03 IST" name="tearDown" finished-at="2024-01-24T18:52:04 IST" duration-ms="289" status="PASS">
          <reporter-output>
          </reporter-output>
        </test-method> <!-- tearDown -->
      </class> <!-- masudeokarwork.SeleniumFrameworkDesign.SubmitOrderTestThree -->
    </test> <!-- Submit Order Test -->
  </suite> <!-- Suite -->
</testng-results>
