<?xml version="1.0" encoding="UTF-8"?>
<testng-results ignored="0" total="1" passed="1" failed="0" skipped="0">
  <reporter-output>
  </reporter-output>
  <suite started-at="2024-01-28T22:58:24 IST" name="Suite" finished-at="2024-01-28T22:58:33 IST" duration-ms="9264">
    <groups>
      <group name="ErrorHandling">
        <method signature="ErrorValidationTest.LoginErrorValidation()[pri:0, instance:masudeokarwork.SeleniumFrameworkDesign.ErrorValidationTest@d3957fe]" name="LoginErrorValidation" class="masudeokarwork.SeleniumFrameworkDesign.ErrorValidationTest"/>
      </group> <!-- ErrorHandling -->
    </groups>
    <test started-at="2024-01-28T22:58:24 IST" name="Submit Order Test" finished-at="2024-01-28T22:58:24 IST" duration-ms="66">
    </test> <!-- Submit Order Test -->
    <test started-at="2024-01-28T22:58:24 IST" name="Error validation Test" finished-at="2024-01-28T22:58:33 IST" duration-ms="9264">
      <class name="masudeokarwork.SeleniumFrameworkDesign.ErrorValidationTest">
        <test-method is-config="true" signature="launchApplication()[pri:0, instance:masudeokarwork.SeleniumFrameworkDesign.ErrorValidationTest@d3957fe]" started-at="2024-01-28T22:58:24 IST" name="launchApplication" finished-at="2024-01-28T22:58:31 IST" duration-ms="7011" status="PASS">
          <reporter-output>
          </reporter-output>
        </test-method> <!-- launchApplication -->
        <test-method signature="LoginErrorValidation()[pri:0, instance:masudeokarwork.SeleniumFrameworkDesign.ErrorValidationTest@d3957fe]" started-at="2024-01-28T22:58:31 IST" name="LoginErrorValidation" finished-at="2024-01-28T22:58:33 IST" duration-ms="1641" status="PASS">
          <reporter-output>
          </reporter-output>
        </test-method> <!-- LoginErrorValidation -->
        <test-method is-config="true" signature="tearDown()[pri:0, instance:masudeokarwork.SeleniumFrameworkDesign.ErrorValidationTest@d3957fe]" started-at="2024-01-28T22:58:33 IST" name="tearDown" finished-at="2024-01-28T22:58:33 IST" duration-ms="317" status="PASS">
          <reporter-output>
          </reporter-output>
        </test-method> <!-- tearDown -->
      </class> <!-- masudeokarwork.SeleniumFrameworkDesign.ErrorValidationTest -->
    </test> <!-- Error validation Test -->
  </suite> <!-- Suite -->
</testng-results>
