<?xml version="1.0" encoding="UTF-8"?>
<testng-results ignored="0" total="5" passed="5" failed="0" skipped="0">
  <reporter-output>
  </reporter-output>
  <suite started-at="2024-01-27T23:08:52 IST" name="Suite" finished-at="2024-01-27T23:09:45 IST" duration-ms="53144">
    <groups>
      <group name="ErrorHandling">
        <method signature="ErrorValidationTest.LoginErrorValidation()[pri:0, instance:masudeokarwork.SeleniumFrameworkDesign.ErrorValidationTest@7c041b41]" name="LoginErrorValidation" class="masudeokarwork.SeleniumFrameworkDesign.ErrorValidationTest"/>
      </group> <!-- ErrorHandling -->
      <group name="Purchase">
        <method signature="SubmitOrderTest.SubmitOrder(java.lang.String,java.lang.String,java.lang.String)[pri:0, instance:masudeokarwork.SeleniumFrameworkDesign.SubmitOrderTest@78aea4b9]" name="SubmitOrder" class="masudeokarwork.SeleniumFrameworkDesign.SubmitOrderTest"/>
      </group> <!-- Purchase -->
    </groups>
    <test started-at="2024-01-27T23:08:52 IST" name="Error validation Test" finished-at="2024-01-27T23:09:04 IST" duration-ms="11730">
      <class name="masudeokarwork.SeleniumFrameworkDesign.ErrorValidationTest">
        <test-method is-config="true" signature="launchApplication()[pri:0, instance:masudeokarwork.SeleniumFrameworkDesign.ErrorValidationTest@7c041b41]" started-at="2024-01-27T23:08:52 IST" name="launchApplication" finished-at="2024-01-27T23:08:55 IST" duration-ms="3236" status="PASS">
          <reporter-output>
          </reporter-output>
        </test-method> <!-- launchApplication -->
        <test-method signature="LoginErrorValidation()[pri:0, instance:masudeokarwork.SeleniumFrameworkDesign.ErrorValidationTest@7c041b41]" started-at="2024-01-27T23:08:55 IST" name="LoginErrorValidation" finished-at="2024-01-27T23:08:56 IST" duration-ms="1290" status="PASS">
          <reporter-output>
          </reporter-output>
        </test-method> <!-- LoginErrorValidation -->
        <test-method is-config="true" signature="tearDown()[pri:0, instance:masudeokarwork.SeleniumFrameworkDesign.ErrorValidationTest@7c041b41]" started-at="2024-01-27T23:08:56 IST" name="tearDown" finished-at="2024-01-27T23:08:57 IST" duration-ms="295" status="PASS">
          <reporter-output>
          </reporter-output>
        </test-method> <!-- tearDown -->
        <test-method is-config="true" signature="launchApplication()[pri:0, instance:masudeokarwork.SeleniumFrameworkDesign.ErrorValidationTest@7c041b41]" started-at="2024-01-27T23:08:57 IST" name="launchApplication" finished-at="2024-01-27T23:09:00 IST" duration-ms="3110" status="PASS">
          <reporter-output>
          </reporter-output>
        </test-method> <!-- launchApplication -->
        <test-method signature="productErrorValidation()[pri:0, instance:masudeokarwork.SeleniumFrameworkDesign.ErrorValidationTest@7c041b41]" started-at="2024-01-27T23:09:00 IST" name="productErrorValidation" finished-at="2024-01-27T23:09:03 IST" duration-ms="3153" status="PASS">
          <reporter-output>
          </reporter-output>
        </test-method> <!-- productErrorValidation -->
        <test-method is-config="true" signature="tearDown()[pri:0, instance:masudeokarwork.SeleniumFrameworkDesign.ErrorValidationTest@7c041b41]" started-at="2024-01-27T23:09:03 IST" name="tearDown" finished-at="2024-01-27T23:09:04 IST" duration-ms="444" status="PASS">
          <reporter-output>
          </reporter-output>
        </test-method> <!-- tearDown -->
      </class> <!-- masudeokarwork.SeleniumFrameworkDesign.ErrorValidationTest -->
    </test> <!-- Error validation Test -->
    <test started-at="2024-01-27T23:08:52 IST" name="Submit Order Test" finished-at="2024-01-27T23:09:45 IST" duration-ms="53144">
      <class name="masudeokarwork.SeleniumFrameworkDesign.SubmitOrderTest">
        <test-method is-config="true" signature="launchApplication()[pri:0, instance:masudeokarwork.SeleniumFrameworkDesign.SubmitOrderTest@78aea4b9]" started-at="2024-01-27T23:08:52 IST" name="launchApplication" finished-at="2024-01-27T23:08:56 IST" duration-ms="4486" status="PASS">
          <reporter-output>
          </reporter-output>
        </test-method> <!-- launchApplication -->
        <test-method signature="SubmitOrder(java.lang.String,java.lang.String,java.lang.String)[pri:0, instance:masudeokarwork.SeleniumFrameworkDesign.SubmitOrderTest@78aea4b9]" started-at="2024-01-27T23:08:56 IST" name="SubmitOrder" data-provider="getData" finished-at="2024-01-27T23:09:15 IST" duration-ms="18540" status="PASS">
          <params>
            <param index="0">
              <value>
                <![CDATA[mayureshdeokar@gmail.com]]>
              </value>
            </param>
            <param index="1">
              <value>
                <![CDATA[Shamanth@123]]>
              </value>
            </param>
            <param index="2">
              <value>
                <![CDATA[ZARA COAT 3]]>
              </value>
            </param>
          </params>
          <reporter-output>
          </reporter-output>
        </test-method> <!-- SubmitOrder -->
        <test-method is-config="true" signature="tearDown()[pri:0, instance:masudeokarwork.SeleniumFrameworkDesign.SubmitOrderTest@78aea4b9]" started-at="2024-01-27T23:09:15 IST" name="tearDown" finished-at="2024-01-27T23:09:16 IST" duration-ms="599" status="PASS">
          <reporter-output>
          </reporter-output>
        </test-method> <!-- tearDown -->
        <test-method is-config="true" signature="launchApplication()[pri:0, instance:masudeokarwork.SeleniumFrameworkDesign.SubmitOrderTest@78aea4b9]" started-at="2024-01-27T23:09:16 IST" name="launchApplication" finished-at="2024-01-27T23:09:19 IST" duration-ms="3281" status="PASS">
          <reporter-output>
          </reporter-output>
        </test-method> <!-- launchApplication -->
        <test-method signature="SubmitOrder(java.lang.String,java.lang.String,java.lang.String)[pri:0, instance:masudeokarwork.SeleniumFrameworkDesign.SubmitOrderTest@78aea4b9]" started-at="2024-01-27T23:09:19 IST" name="SubmitOrder" data-provider="getData" finished-at="2024-01-27T23:09:38 IST" duration-ms="19338" status="PASS">
          <params>
            <param index="0">
              <value>
                <![CDATA[vaishalideokar@gmail.com]]>
              </value>
            </param>
            <param index="1">
              <value>
                <![CDATA[Shamanth@123]]>
              </value>
            </param>
            <param index="2">
              <value>
                <![CDATA[ADIDAS ORIGINAL]]>
              </value>
            </param>
          </params>
          <reporter-output>
          </reporter-output>
        </test-method> <!-- SubmitOrder -->
        <test-method is-config="true" signature="tearDown()[pri:0, instance:masudeokarwork.SeleniumFrameworkDesign.SubmitOrderTest@78aea4b9]" started-at="2024-01-27T23:09:38 IST" name="tearDown" finished-at="2024-01-27T23:09:39 IST" duration-ms="400" status="PASS">
          <reporter-output>
          </reporter-output>
        </test-method> <!-- tearDown -->
        <test-method is-config="true" signature="launchApplication()[pri:0, instance:masudeokarwork.SeleniumFrameworkDesign.SubmitOrderTest@78aea4b9]" started-at="2024-01-27T23:09:39 IST" name="launchApplication" finished-at="2024-01-27T23:09:43 IST" duration-ms="3977" status="PASS">
          <reporter-output>
          </reporter-output>
        </test-method> <!-- launchApplication -->
        <test-method signature="orderHistoryTest()[pri:0, instance:masudeokarwork.SeleniumFrameworkDesign.SubmitOrderTest@78aea4b9]" started-at="2024-01-27T23:09:43 IST" name="orderHistoryTest" finished-at="2024-01-27T23:09:45 IST" depends-on-methods="masudeokarwork.SeleniumFrameworkDesign.SubmitOrderTest.SubmitOrder" duration-ms="2046" status="PASS">
          <reporter-output>
          </reporter-output>
        </test-method> <!-- orderHistoryTest -->
        <test-method is-config="true" signature="tearDown()[pri:0, instance:masudeokarwork.SeleniumFrameworkDesign.SubmitOrderTest@78aea4b9]" started-at="2024-01-27T23:09:45 IST" name="tearDown" finished-at="2024-01-27T23:09:45 IST" duration-ms="287" status="PASS">
          <reporter-output>
          </reporter-output>
        </test-method> <!-- tearDown -->
      </class> <!-- masudeokarwork.SeleniumFrameworkDesign.SubmitOrderTest -->
    </test> <!-- Submit Order Test -->
  </suite> <!-- Suite -->
</testng-results>
